Building DAG of jobs...
Using shell: /bin/bash
Provided cores: 8
Rules claiming more threads will be scaled down.
Job counts:
	count	jobs
	1	align
	1	ancestral
	1	export
	1	filter
	1	refine
	1	traits
	1	translate
	1	tree
	8

[Wed Feb 26 17:08:05 2020]
Job 7: 
        Filtering to
          - excluding strains in config/dropped_strains.txt
        

[Wed Feb 26 17:08:07 2020]
Finished job 7.
1 of 8 steps (12%) done

[Wed Feb 26 17:08:07 2020]
Job 6: 
        Aligning sequences to config/reference.gb
          - filling gaps with N
        

[Wed Feb 26 17:08:09 2020]
Finished job 6.
2 of 8 steps (25%) done

[Wed Feb 26 17:08:09 2020]
Job 5: Building tree

[Wed Feb 26 17:08:10 2020]
Finished job 5.
3 of 8 steps (38%) done

[Wed Feb 26 17:08:10 2020]
Job 1: 
        Refining tree
          - estimate timetree
          - use opt coalescent timescale
          - estimate marginal node dates
          - filter tips more than 4 IQDs from clock expectation
        

[Wed Feb 26 17:08:13 2020]
Finished job 1.
4 of 8 steps (50%) done

[Wed Feb 26 17:08:13 2020]
Job 3: Reconstructing ancestral sequences and mutations


[Wed Feb 26 17:08:13 2020]
Job 2: Inferring ancestral traits for country state

[Wed Feb 26 17:08:15 2020]
Finished job 2.
5 of 8 steps (62%) done
[Wed Feb 26 17:08:15 2020]
Finished job 3.
6 of 8 steps (75%) done

[Wed Feb 26 17:08:15 2020]
Job 4: Translating amino acid sequences

[Wed Feb 26 17:08:16 2020]
Finished job 4.
7 of 8 steps (88%) done

[Wed Feb 26 17:08:16 2020]
Job 0: Exporting data files for for auspice

[Wed Feb 26 17:08:17 2020]
Finished job 0.
8 of 8 steps (100%) done
Complete log: /Users/alyssaamick/Desktop/college/YSPH5year/GenEpi/NextStrainTutorial/.snakemake/log/2020-02-26T170805.882112.snakemake.log
