Building DAG of jobs...
Using shell: /bin/bash
Provided cores: 8
Rules claiming more threads will be scaled down.
Job counts:
	count	jobs
	1	align
	1	ancestral
	1	export
	1	refine
	1	traits
	1	translate
	1	tree
	7

[Sat Feb 22 17:49:32 2020]
Job 6: 
        Aligning sequences to config/reference.gb
          - filling gaps with N
        

[Sat Feb 22 17:49:47 2020]
Finished job 6.
1 of 7 steps (14%) done

[Sat Feb 22 17:49:47 2020]
Job 5: Building tree

[Sat Feb 22 17:49:48 2020]
Finished job 5.
2 of 7 steps (29%) done

[Sat Feb 22 17:49:48 2020]
Job 1: 
        Refining tree
          - estimate timetree
          - use opt coalescent timescale
          - estimate marginal node dates
          - filter tips more than 4 IQDs from clock expectation
        

[Sat Feb 22 17:49:49 2020]
Error in rule refine:
    jobid: 1
    output: results/tree.nwk, results/branch_lengths.json
    shell:
        
        augur refine             --tree results/tree_raw.nwk             --alignment results/aligned.fasta             --metadata data/metadata.tsv             --output-tree results/tree.nwk             --output-node-data results/branch_lengths.json             --timetree             --coalescent opt             --date-confidence             --clock-filter-iqd 4             --date-inference marginal
        
        (one of the commands exited with non-zero exit code; note that snakemake uses bash strict mode!)

Shutting down, this might take some time.
Exiting because a job execution failed. Look above for error message
Complete log: /Users/alyssaamick/Desktop/college/YSPH5year/GenEpi/NextStrainTutorial/.snakemake/log/2020-02-22T174932.231331.snakemake.log
